****************************************************************************
***                            Sentaurus Mesh                            ***
***                        Version T-2022.03-SP2                         ***
***                      (0.7745337, x86_64, Linux)                      ***
***                                                                      ***
***                       Copyright (C) 2005-2022                        ***
***                            Synopsys, Inc.                            ***
***                                                                      ***
***  This software and the associated documentation are confidential     ***
***  and proprietary to Synopsys, Inc.  Your use or disclosure of this   ***
***  software is subject to the terms and conditions of a written        ***
***  license agreement between you, or your company, and Synopsys, Inc.  ***
****************************************************************************

Compiled Fri Aug  5 13:12:10 PDT 2022 on: swe-vm-kcr-tcad01
Running on: pesc-44.pes.edu
Hardware type: x86_64
OS name: Linux
OS release: 3.10.0-1160.el7.x86_64
OS version: #1 SMP Tue Aug 18 14:50:17 EDT 2020
Process ID: 16564

Flags used:

** Generating 2d grid **

Creating binary tree...done.
Imprinting binary tree on the boundary...done.
Optimizing boundary nodes...done.

Number of vertices after binary tree generation : 
  4654 (tree) + 475 (boundary)

** Delaunizing the mesh **

Creating delaunizer input...done.
Solving edges...done 
Optimizing elements...done. (4932 vertices)
Fixing diagonals...done.

The final mesh has: 
    4894 points.
    9551 elements.
       8 regions.
Max. connectivity = 10 located at (1.3125;0.083125)


==============================  tri-grid quality  ================================
    0  10  20  30  40  50  60  70  80  90 100 110 120 130 140 150 160 170 180
 %    1  .    1   3  26  27   5   2  .   34  .   .       .   .       .     
---------------------------------------------------------------------------------
minAngle: 0.672985  maxAngle: 157.499
nVerts = 4894  nTris = 9551  nMats = 4
max connectivity (tris per node): 10
bmin: -0 -0.005
bmax: 1.5 0.7
min edgeLength: 6.95277e-05  [near (0.158199 0.099614)]
min volume: 1.41387e-08  max volume: 0.0165234  Total volume: 1.055
bbox  volume: 1.0575
Are all boundaries on bbox? false
=================================================================================

Smallest region: region_4_oxide  Total volume: 0.005
Interpolating data...done.
done.
Saving file nmos1_msh.tdr...done.

===============================  Timer Report===================================
              Total Mesh Generation Time:     0.233s       100%
                       Rate of #Vertices:   2.1e+04
                          Rate of #Edges:  4.31e+04
                          Rate of #Faces:   4.1e+04
                       Rate of #Elements:         0

                            Time Covered:         0s         0%

